<?xml version="1.0" encoding="UTF-8"?>
<!-- Generated by org.testng.reporters.JUnitReportReporter -->
<testsuite hostname="Sandy" failures="0" tests="2" name="test.TestScenario1" time="0.013" errors="0" timestamp="2025-05-31T08:10:50 IST" skipped="0">
  <testcase classname="test.TestScenario1" name="login" time="0.003"/>
  <testcase classname="test.TestScenario1" name="display" time="0.010"/>
</testsuite> <!-- test.TestScenario1 -->
