<?xml version="1.0" encoding="UTF-8"?>
<!-- Generated by org.testng.reporters.JUnitReportReporter -->
<testsuite hostname="Sandy" failures="0" tests="2" name="test.TestScenarioDataProvider" time="0.021" errors="0" timestamp="2025-06-28T10:40:57 IST" skipped="0">
  <testcase classname="test.TestScenarioDataProvider" name="dataProv" time="0.019"/>
  <testcase classname="test.TestScenarioDataProvider" name="dataProv" time="0.002"/>
</testsuite> <!-- test.TestScenarioDataProvider -->
