<?xml version="1.0" encoding="UTF-8"?>
<!-- Generated by org.testng.reporters.JUnitReportReporter -->
<testsuite hostname="Sandy" failures="0" tests="2" name="test.ParalelTest01" time="11.042" errors="0" timestamp="2025-06-09T22:16:48 IST" skipped="0">
  <testcase classname="test.ParalelTest01" name="Test01" time="5.021"/>
  <testcase classname="test.ParalelTest01" name="Test02" time="6.021"/>
</testsuite> <!-- test.ParalelTest01 -->
