<?xml version="1.0" encoding="UTF-8"?>
<!-- Generated by org.testng.reporters.JUnitReportReporter -->
<testsuite hostname="Sandy" failures="0" tests="3" name="test.TestScenario02" time="0.012" errors="0" timestamp="2025-06-09T00:14:55 IST" skipped="0">
  <testcase classname="test.TestScenario02" name="displayname" time="0.008"/>
  <testcase classname="test.TestScenario02" name="smoke01" time="0.002"/>
  <testcase classname="test.TestScenario02" name="Mobiletestcase" time="0.002"/>
</testsuite> <!-- test.TestScenario02 -->
