<?xml version="1.0" encoding="UTF-8"?>
<!-- Generated by org.testng.reporters.JUnitReportReporter -->
<testsuite hostname="Sandy" failures="0" tests="1" name="test.TestCase01" time="0.008" errors="0" timestamp="2025-05-31T07:44:59 IST" skipped="0">
  <testcase classname="test.TestCase01" name="display" time="0.008"/>
</testsuite> <!-- test.TestCase01 -->
